<File>
  <FileName>clockScreenPresenter.cpp</FileName>
  <FileType>8</FileType>
  <FilePath>../../gui/src/clockscreen_screen/clockscreenpresenter.cpp</FilePath>
</File>
<File>
  <FileName>clockScreenView.cpp</FileName>
  <FileType>8</FileType>
  <FilePath>../../gui/src/clockscreen_screen/clockscreenview.cpp</FilePath>
</File>
<File>
  <FileName>FrontendApplication.cpp</FileName>
  <FileType>8</FileType>
  <FilePath>../../gui/src/common/frontendapplication.cpp</FilePath>
</File>
<File>
  <FileName>Model.cpp</FileName>
  <FileType>8</FileType>
  <FilePath>../../gui/src/model/model.cpp</FilePath>
</File>
<File>
  <FileName>settingScreenPresenter.cpp</FileName>
  <FileType>8</FileType>
  <FilePath>../../gui/src/settingscreen_screen/settingscreenpresenter.cpp</FilePath>
</File>
<File>
  <FileName>settingScreenView.cpp</FileName>
  <FileType>8</FileType>
  <FilePath>../../gui/src/settingscreen_screen/settingscreenview.cpp</FilePath>
</File>
<File>
  <FileName>ApplicationFontProvider.cpp</FileName>
  <FileType>8</FileType>
  <FilePath>../../generated/fonts/src/applicationfontprovider.cpp</FilePath>
</File>
<File>
  <FileName>BitmapDatabase.cpp</FileName>
  <FileType>8</FileType>
  <FilePath>../../generated/images/src/bitmapdatabase.cpp</FilePath>
</File>
<File>
  <FileName>blue_buttons_round_edge_icon_button.cpp</FileName>
  <FileType>8</FileType>
  <FilePath>../../generated/images/src/__designer/blue_buttons_round_edge_icon_button.cpp</FilePath>
</File>
<File>
  <FileName>blue_buttons_round_edge_icon_button_pressed.cpp</FileName>
  <FileType>8</FileType>
  <FilePath>../../generated/images/src/__designer/blue_buttons_round_edge_icon_button_pressed.cpp</FilePath>
</File>
<File>
  <FileName>blue_buttons_round_edge_small.cpp</FileName>
  <FileType>8</FileType>
  <FilePath>../../generated/images/src/__designer/blue_buttons_round_edge_small.cpp</FilePath>
</File>
<File>
  <FileName>blue_buttons_round_edge_small_pressed.cpp</FileName>
  <FileType>8</FileType>
  <FilePath>../../generated/images/src/__designer/blue_buttons_round_edge_small_pressed.cpp</FilePath>
</File>
<File>
  <FileName>blue_icons_down_arrow_48.cpp</FileName>
  <FileType>8</FileType>
  <FilePath>../../generated/images/src/__designer/blue_icons_down_arrow_48.cpp</FilePath>
</File>
<File>
  <FileName>blue_icons_settings_48.cpp</FileName>
  <FileType>8</FileType>
  <FilePath>../../generated/images/src/__designer/blue_icons_settings_48.cpp</FilePath>
</File>
<File>
  <FileName>blue_icons_up_arrow_48.cpp</FileName>
  <FileType>8</FileType>
  <FilePath>../../generated/images/src/__designer/blue_icons_up_arrow_48.cpp</FilePath>
</File>
<File>
  <FileName>clockScreenViewBase.cpp</FileName>
  <FileType>8</FileType>
  <FilePath>../../generated/gui_generated/src/clockscreen_screen/clockscreenviewbase.cpp</FilePath>
</File>
<File>
  <FileName>Font_verdana_10_4bpp.cpp</FileName>
  <FileType>8</FileType>
  <FilePath>../../generated/fonts/src/font_verdana_10_4bpp.cpp</FilePath>
</File>
<File>
  <FileName>Font_verdana_20_4bpp.cpp</FileName>
  <FileType>8</FileType>
  <FilePath>../../generated/fonts/src/font_verdana_20_4bpp.cpp</FilePath>
</File>
<File>
  <FileName>Font_verdana_60_4bpp.cpp</FileName>
  <FileType>8</FileType>
  <FilePath>../../generated/fonts/src/font_verdana_60_4bpp.cpp</FilePath>
</File>
<File>
  <FileName>FontGetters.cpp</FileName>
  <FileType>8</FileType>
  <FilePath>../../generated/fonts/src/fontgetters.cpp</FilePath>
</File>
<File>
  <FileName>FrontendApplicationBase.cpp</FileName>
  <FileType>8</FileType>
  <FilePath>../../generated/gui_generated/src/common/frontendapplicationbase.cpp</FilePath>
</File>
<File>
  <FileName>Kerning_verdana_10_4bpp.cpp</FileName>
  <FileType>8</FileType>
  <FilePath>../../generated/fonts/src/kerning_verdana_10_4bpp.cpp</FilePath>
</File>
<File>
  <FileName>Kerning_verdana_20_4bpp.cpp</FileName>
  <FileType>8</FileType>
  <FilePath>../../generated/fonts/src/kerning_verdana_20_4bpp.cpp</FilePath>
</File>
<File>
  <FileName>Kerning_verdana_60_4bpp.cpp</FileName>
  <FileType>8</FileType>
  <FilePath>../../generated/fonts/src/kerning_verdana_60_4bpp.cpp</FilePath>
</File>
<File>
  <FileName>LanguageGb.cpp</FileName>
  <FileType>8</FileType>
  <FilePath>../../generated/texts/src/languagegb.cpp</FilePath>
</File>
<File>
  <FileName>settingScreenViewBase.cpp</FileName>
  <FileType>8</FileType>
  <FilePath>../../generated/gui_generated/src/settingscreen_screen/settingscreenviewbase.cpp</FilePath>
</File>
<File>
  <FileName>Table_verdana_10_4bpp.cpp</FileName>
  <FileType>8</FileType>
  <FilePath>../../generated/fonts/src/table_verdana_10_4bpp.cpp</FilePath>
</File>
<File>
  <FileName>Table_verdana_20_4bpp.cpp</FileName>
  <FileType>8</FileType>
  <FilePath>../../generated/fonts/src/table_verdana_20_4bpp.cpp</FilePath>
</File>
<File>
  <FileName>Table_verdana_60_4bpp.cpp</FileName>
  <FileType>8</FileType>
  <FilePath>../../generated/fonts/src/table_verdana_60_4bpp.cpp</FilePath>
</File>
<File>
  <FileName>Texts.cpp</FileName>
  <FileType>8</FileType>
  <FilePath>../../generated/texts/src/texts.cpp</FilePath>
</File>
<File>
  <FileName>TypedTextDatabase.cpp</FileName>
  <FileType>8</FileType>
  <FilePath>../../generated/texts/src/typedtextdatabase.cpp</FilePath>
</File>
