Converting images
Compiling gui/src/settingscreen_screen/settingScreenPresenter.cpp
Compiling gui/src/settingscreen_screen/settingScreenView.cpp
Compiling gui/src/clockscreen_screen/clockScreenView.cpp
Compiling gui/src/clockscreen_screen/clockScreenPresenter.cpp
Compiling gui/src/model/Model.cpp
Compiling gui/src/common/FrontendApplication.cpp
Compiling generated/gui_generated/src/settingscreen_screen/settingScreenViewBase.cpp
Compiling generated/gui_generated/src/clockscreen_screen/clockScreenViewBase.cpp
Compiling generated/gui_generated/src/common/FrontendApplicationBase.cpp
Compiling target/bsp/source/BoardConfiguration.cpp
In file included from target/bsp/include/platform/hal/mcu/stm32f4cube/STM32F4xx_HAL_Driver/stm32f4xx_hal_rcc.h:47:0,
                 from target/bsp/include/stm32f4xx_hal_conf.h:242,
                 from target/bsp/include/platform/hal/mcu/stm32f4cube/STM32F4xx_HAL_Driver/stm32f4xx_hal.h:48,
                 from target/bsp/source/BoardConfiguration.cpp:76:
target/bsp/source/BoardConfiguration.cpp: In function 'void touchgfx::hw_init()':
target/bsp/include/platform/hal/mcu/stm32f4cube/STM32F4xx_HAL_Driver/stm32f4xx_hal_rcc_ex.h:749:48: warning: conversion to void will not access object of type 'volatile uint32_t {aka volatile long unsigned int}'
                                         UNUSED(tmpreg); \
                                                 
target/bsp/include/platform/hal/mcu/stm32f4cube/STM32F4xx_HAL_Driver/stm32f4xx_hal_def.h:86:27: note: in definition of macro 'UNUSED'
 #define UNUSED(x) ((void)(x))
                           ^
target/bsp/source/BoardConfiguration.cpp:155:5: note: in expansion of macro '__HAL_RCC_CRC_CLK_ENABLE'
     __HAL_RCC_CRC_CLK_ENABLE();
     ^~~~~~~~~~~~~~~~~~~~~~~~
target/bsp/source/BoardConfiguration.cpp: In function 'void SystemClock_Config()':
target/bsp/include/platform/hal/mcu/stm32f4cube/STM32F4xx_HAL_Driver/stm32f4xx_hal_rcc.h:505:48: warning: conversion to void will not access object of type 'volatile uint32_t {aka volatile long unsigned int}'
                                         UNUSED(tmpreg); \
                                                 
target/bsp/include/platform/hal/mcu/stm32f4cube/STM32F4xx_HAL_Driver/stm32f4xx_hal_def.h:86:27: note: in definition of macro 'UNUSED'
 #define UNUSED(x) ((void)(x))
                           ^
target/bsp/source/BoardConfiguration.cpp:294:5: note: in expansion of macro '__HAL_RCC_PWR_CLK_ENABLE'
     __HAL_RCC_PWR_CLK_ENABLE();
     ^~~~~~~~~~~~~~~~~~~~~~~~
target/bsp/include/platform/hal/mcu/stm32f4cube/STM32F4xx_HAL_Driver/stm32f4xx_hal_pwr_ex.h:156:68: warning: conversion to void will not access object of type 'volatile uint32_t {aka volatile long unsigned int}'
                                                             UNUSED(tmpreg);                                     \
                                                                     
target/bsp/include/platform/hal/mcu/stm32f4cube/STM32F4xx_HAL_Driver/stm32f4xx_hal_def.h:86:27: note: in definition of macro 'UNUSED'
 #define UNUSED(x) ((void)(x))
                           ^
target/bsp/source/BoardConfiguration.cpp:299:5: note: in expansion of macro '__HAL_PWR_VOLTAGESCALING_CONFIG'
     __HAL_PWR_VOLTAGESCALING_CONFIG(PWR_REGULATOR_VOLTAGE_SCALE1);
     ^~~~~~~~~~~~~~~~~~~~~~~~~~~~~~~
target/bsp/source/BoardConfiguration.cpp: In function 'uint8_t LCD_Init()':
target/bsp/include/platform/hal/mcu/stm32f4cube/STM32F4xx_HAL_Driver/stm32f4xx_hal_rcc_ex.h:791:48: warning: conversion to void will not access object of type 'volatile uint32_t {aka volatile long unsigned int}'
                                         UNUSED(tmpreg); \
                                                 
target/bsp/include/platform/hal/mcu/stm32f4cube/STM32F4xx_HAL_Driver/stm32f4xx_hal_def.h:86:27: note: in definition of macro 'UNUSED'
 #define UNUSED(x) ((void)(x))
                           ^
target/bsp/source/BoardConfiguration.cpp:480:5: note: in expansion of macro '__HAL_RCC_GPIOJ_CLK_ENABLE'
     __HAL_RCC_GPIOJ_CLK_ENABLE();
     ^~~~~~~~~~~~~~~~~~~~~~~~~~
Linking build/bin/target.elf
Producing additional output formats...
  target.hex   - Combined internal+external hex
  intflash.elf - Internal flash, elf debug
  intflash.hex - Internal flash, hex
  extflash.bin - External flash, binary
